<?xml version="1.0" encoding="UTF-8"?>
<!-- Generated by org.testng.reporters.JUnitReportReporter -->
<testsuite skipped="0" hostname="smruti-PC" name="com.vtiger.TestScripts.CreateOraganisationTest" tests="1" failures="0" timestamp="17 Jun 2020 15:50:15 GMT" time="23.651" errors="0">
  <testcase name="CreateOrg" time="23.651" classname="com.vtiger.TestScripts.CreateOraganisationTest"/>
</testsuite> <!-- com.vtiger.TestScripts.CreateOraganisationTest -->
