<?xml version="1.0" encoding="UTF-8"?>
<!-- Generated by org.testng.reporters.JUnitReportReporter -->
<testsuite skipped="0" hostname="smruti-PC" name="com.vtiger.TestScripts.CreateOrgnazationTest" tests="1" failures="0" timestamp="22 Jun 2020 16:13:24 GMT" time="61.121" errors="0">
  <testcase name="createOrg" time="61.121" classname="com.vtiger.TestScripts.CreateOrgnazationTest"/>
</testsuite> <!-- com.vtiger.TestScripts.CreateOrgnazationTest -->
