<?xml version="1.0" encoding="UTF-8"?>
<!-- Generated by org.testng.reporters.JUnitReportReporter -->
<testsuite skipped="0" hostname="smruti-PC" name="com.vtiger.TestScripts.CreatePurchaseOrderTest" tests="1" failures="0" timestamp="22 Jun 2020 16:11:37 GMT" time="23.822" errors="0">
  <testcase name="CreatePurchaseOrder" time="23.822" classname="com.vtiger.TestScripts.CreatePurchaseOrderTest"/>
</testsuite> <!-- com.vtiger.TestScripts.CreatePurchaseOrderTest -->
