<?xml version="1.0" encoding="UTF-8"?>
<!-- Generated by org.testng.reporters.JUnitReportReporter -->
<testsuite skipped="0" hostname="smruti-PC" name="com.vtiger.TestScripts.CreateLeadTest" tests="1" failures="0" timestamp="22 Jun 2020 11:43:51 GMT" time="18.847" errors="0">
  <testcase name="createLead" time="18.847" classname="com.vtiger.TestScripts.CreateLeadTest"/>
</testsuite> <!-- com.vtiger.TestScripts.CreateLeadTest -->
